Change Component Designator: Old Designator=C? New Designator=C36
Change Component Designator: Old Designator=C? New Designator=C37
Change Component Designator: Old Designator=C? New Designator=C38
Change Component Designator: Old Designator=C? New Designator=C39
Change Component Designator: Old Designator=C? New Designator=C40
Change Component Designator: Old Designator=C? New Designator=C41
Change Component Designator: Old Designator=C? New Designator=C42
Change Component Designator: Old Designator=C? New Designator=C43
Change Component Designator: Old Designator=C? New Designator=C44
Change Component Designator: Old Designator=C? New Designator=C45
Change Component Designator: Old Designator=C? New Designator=C46
Change Component Designator: Old Designator=C? New Designator=C47
Change Component Designator: Old Designator=C? New Designator=C48
Change Component Designator: Old Designator=C? New Designator=C49
Change Component Designator: Old Designator=C? New Designator=C50
Change Component Designator: Old Designator=C? New Designator=C51
Change Component Designator: Old Designator=C? New Designator=C52
Change Component Designator: Old Designator=C? New Designator=C53
Change Component Designator: Old Designator=C? New Designator=C54
Change Component Designator: Old Designator=CN? New Designator=CN6
Change Component Designator: Old Designator=CN? New Designator=CN7
Change Component Designator: Old Designator=CN? New Designator=CN8
Change Component Designator: Old Designator=IC? New Designator=IC4
Change Component Designator: Old Designator=IC? New Designator=IC5
Change Component Designator: Old Designator=IC? New Designator=IC6
Change Component Designator: Old Designator=Q? New Designator=Q1
Change Component Designator: Old Designator=Q? New Designator=Q2
Change Component Designator: Old Designator=Q? New Designator=Q3
Change Component Designator: Old Designator=Q? New Designator=Q4
Change Component Designator: Old Designator=Q? New Designator=Q5
Change Component Designator: Old Designator=Q? New Designator=Q6
Change Component Designator: Old Designator=R? New Designator=R19
Change Component Designator: Old Designator=R? New Designator=R20
Change Component Designator: Old Designator=R? New Designator=R21
Change Component Designator: Old Designator=R? New Designator=R22
Change Component Designator: Old Designator=R? New Designator=R23
Change Component Designator: Old Designator=R? New Designator=R24
Change Component Designator: Old Designator=R? New Designator=R25
Change Component Designator: Old Designator=R? New Designator=R26
Change Component Designator: Old Designator=R? New Designator=R27
Change Component Designator: Old Designator=R? New Designator=R28
Change Component Designator: Old Designator=R? New Designator=R29
Change Component Designator: Old Designator=R? New Designator=R30
Change Component Designator: Old Designator=R? New Designator=R31
Change Component Designator: Old Designator=R? New Designator=R32
Change Component Designator: Old Designator=R? New Designator=R33
Change Component Designator: Old Designator=R? New Designator=R34
Change Component Designator: Old Designator=R? New Designator=R35
Change Component Designator: Old Designator=R? New Designator=R36
Change Component Designator: Old Designator=R? New Designator=R37
Change Component Designator: Old Designator=R? New Designator=R38
Change Component Designator: Old Designator=R? New Designator=R39
Change Component Designator: Old Designator=R? New Designator=R40
Change Component Designator: Old Designator=R? New Designator=R41
Change Component Designator: Old Designator=R? New Designator=R42
Change Component Designator: Old Designator=U? New Designator=U6
Change Component Designator: Old Designator=U? New Designator=U7
Change Component Designator: Old Designator=U? New Designator=U8
Change Component Designator: Old Designator=U? New Designator=U9
