Added Member To Class: ClassName=3V3 Member=Wire ADC1
Added Member To Class: ClassName=3V3 Member=Wire ADC2
Added Member To Class: ClassName=3V3 Member=Wire ADC3
Added Member To Class: ClassName=3V3 Member=Wire ADC4
Added Member To Class: ClassName=3V3 Member=Wire ADC5
Added Member To Class: ClassName=3V3 Member=Wire ADC6
Added Member To Class: ClassName=3V3 Member=Wire BOOT0
Added Member To Class: ClassName=3V3 Member=Wire CAN_N
Added Member To Class: ClassName=3V3 Member=Wire CAN_P
Added Member To Class: ClassName=3V3 Member=Wire NetLD1_4
Added Member To Class: ClassName=3V3 Member=Wire NetLD1_5
Added Member To Class: ClassName=3V3 Member=Wire NetLD1_6
Added Member To Class: ClassName=3V3 Member=Wire NRST
Added Member To Class: ClassName=3V3 Member=Wire OSC_IN
Added Member To Class: ClassName=3V3 Member=Wire OSC_OUT
Added Member To Class: ClassName=3V3 Member=Wire PWM1
Added Member To Class: ClassName=3V3 Member=Wire PWM2
Added Member To Class: ClassName=3V3 Member=Wire PWM3
Added Member To Class: ClassName=3V3 Member=Wire PWM4
Added Member To Class: ClassName=3V3 Member=Wire PWM5
Added Member To Class: ClassName=3V3 Member=Wire PWM6
Added Member To Class: ClassName=3V3 Member=Wire RGB_B
Added Member To Class: ClassName=3V3 Member=Wire RGB_G
Added Member To Class: ClassName=3V3 Member=Wire RGB_R
Added Member To Class: ClassName=3V3 Member=Wire Rx
Added Member To Class: ClassName=3V3 Member=Wire SCL
Added Member To Class: ClassName=3V3 Member=Wire SDA
Added Member To Class: ClassName=3V3 Member=Wire SWCLK
Added Member To Class: ClassName=3V3 Member=Wire SWIO
Added Member To Class: ClassName=3V3 Member=Wire Tx
