Change Physical Footprint: Designator=C1 Old Footprint=CAP 0805 New Footprint=CAP 0805
Change Physical Footprint: Designator=C2 Old Footprint=CAP 1206 New Footprint=CAP 1206
Change Physical Footprint: Designator=C3 Old Footprint=CAP 1206 New Footprint=CAP 1206
Change Physical Footprint: Designator=C4 Old Footprint=CAP 1206 New Footprint=CAP 1206
Change Physical Footprint: Designator=C5 Old Footprint=CAP 1206 New Footprint=CAP 1206
Change Physical Footprint: Designator=C6 Old Footprint=CAP 1206 New Footprint=CAP 1206
Change Physical Footprint: Designator=C7 Old Footprint=CAP 1206 New Footprint=CAP 1206
Change Physical Footprint: Designator=C8 Old Footprint=CAP 1206 New Footprint=CAP 1206
Change Physical Footprint: Designator=C9 Old Footprint=CAP 0805 New Footprint=CAP 0805
Change Physical Footprint: Designator=C10 Old Footprint=CAP 0603 New Footprint=CAP 0603
Change Physical Footprint: Designator=C11 Old Footprint=CAP 0805 New Footprint=CAP 0805
Change Physical Footprint: Designator=C12 Old Footprint=CAP 1206 New Footprint=CAP 1206
Change Physical Footprint: Designator=C13 Old Footprint=CAP 1206 New Footprint=CAP 1206
Change Physical Footprint: Designator=C14 Old Footprint=CAP 1206 New Footprint=CAP 1206
Change Physical Footprint: Designator=C15 Old Footprint=CAP 1206 New Footprint=CAP 1206
Change Physical Footprint: Designator=C16 Old Footprint=CAP 0603 New Footprint=CAP 0603
Change Physical Footprint: Designator=C17 Old Footprint=CAP 0603 New Footprint=CAP 0603
Change Physical Footprint: Designator=C18 Old Footprint=CAP 0603 New Footprint=CAP 0603
Change Physical Footprint: Designator=C19 Old Footprint=CAP 0603 New Footprint=CAP 0603
Change Physical Footprint: Designator=C20 Old Footprint=CAP 0603 New Footprint=CAP 0603
Change Physical Footprint: Designator=C21 Old Footprint=CAP 0603 New Footprint=CAP 0603
Change Physical Footprint: Designator=C22 Old Footprint=CAP 0603 New Footprint=CAP 0603
Change Physical Footprint: Designator=C23 Old Footprint=CAP 0603 New Footprint=CAP 0603
Change Physical Footprint: Designator=C24 Old Footprint=CAP 0603 New Footprint=CAP 0603
Change Physical Footprint: Designator=C25 Old Footprint=CAP 0603 New Footprint=CAP 0603
Change Physical Footprint: Designator=C26 Old Footprint=CAP 0603 New Footprint=CAP 0603
Change Physical Footprint: Designator=C27 Old Footprint=CAP 0603 New Footprint=CAP 0603
Change Physical Footprint: Designator=C28 Old Footprint=CAP 0603 New Footprint=CAP 0603
Change Physical Footprint: Designator=C29 Old Footprint=CAP 0603 New Footprint=CAP 0603
Change Physical Footprint: Designator=C30 Old Footprint=CAP 0603 New Footprint=CAP 0603
Change Physical Footprint: Designator=C31 Old Footprint=CAP 0603 New Footprint=CAP 0603
Change Physical Footprint: Designator=C32 Old Footprint=CAP 0603 New Footprint=CAP 0603
Change Physical Footprint: Designator=C33 Old Footprint=CAP 0603 New Footprint=CAP 0603
Change Physical Footprint: Designator=C34 Old Footprint=CAP 0603 New Footprint=CAP 0603
Change Physical Footprint: Designator=C35 Old Footprint=CAP 0603 New Footprint=CAP 0603
Change Physical Footprint: Designator=C36 Old Footprint=CAP 0603 New Footprint=CAP 0603
Change Physical Footprint: Designator=C37 Old Footprint=CAP 0603 New Footprint=CAP 0603
Change Physical Footprint: Designator=C38 Old Footprint=CAP 0805 New Footprint=CAP 0805
Change Physical Footprint: Designator=C39 Old Footprint=CAP 1206 New Footprint=CAP 1206
Change Physical Footprint: Designator=C40 Old Footprint=CAP 0805 New Footprint=CAP 0805
Change Physical Footprint: Designator=C41 Old Footprint=CAP 0805 New Footprint=CAP 0805
Change Physical Footprint: Designator=C42 Old Footprint=CAP 1206 New Footprint=CAP 1206
Change Physical Footprint: Designator=C43 Old Footprint=CAP 0603 New Footprint=CAP 0603
Change Physical Footprint: Designator=C44 Old Footprint=CAP 0603 New Footprint=CAP 0603
Change Physical Footprint: Designator=C45 Old Footprint=CAP 0805 New Footprint=CAP 0805
Change Physical Footprint: Designator=C46 Old Footprint=CAP 1206 New Footprint=CAP 1206
Change Physical Footprint: Designator=C47 Old Footprint=CAP 0805 New Footprint=CAP 0805
Change Physical Footprint: Designator=C48 Old Footprint=CAP 0805 New Footprint=CAP 0805
Change Physical Footprint: Designator=C49 Old Footprint=CAP 1206 New Footprint=CAP 1206
Change Physical Footprint: Designator=C50 Old Footprint=CAP 0805 New Footprint=CAP 0805
Change Physical Footprint: Designator=C51 Old Footprint=CAP 1206 New Footprint=CAP 1206
Change Physical Footprint: Designator=C52 Old Footprint=CAP 0805 New Footprint=CAP 0805
Change Physical Footprint: Designator=C53 Old Footprint=CAP 0805 New Footprint=CAP 0805
Change Physical Footprint: Designator=C54 Old Footprint=CAP 1206 New Footprint=CAP 1206
Change Physical Footprint: Designator=C55 Old Footprint=CAP 0603 New Footprint=CAP 0603
Change Physical Footprint: Designator=C56 Old Footprint=CAP 0603 New Footprint=CAP 0603
Change Physical Footprint: Designator=C57 Old Footprint=CAP 0603 New Footprint=CAP 0603
Change Physical Footprint: Designator=C58 Old Footprint=CAP 0603 New Footprint=CAP 0603
Change Physical Footprint: Designator=C59 Old Footprint=CAP 0603 New Footprint=CAP 0603
Change Physical Footprint: Designator=C60 Old Footprint=CAP 0603 New Footprint=CAP 0603
Change Physical Footprint: Designator=CN1 Old Footprint=SMD PAD 1 New Footprint=SMD PAD 1
Change Physical Footprint: Designator=CN2 Old Footprint=SMD PAD 1 New Footprint=SMD PAD 1
Change Physical Footprint: Designator=CN3 Old Footprint=5024940470 New Footprint=5024940470
Change Physical Footprint: Designator=CN4 Old Footprint=4Pin SMD New Footprint=4Pin SMD
Change Physical Footprint: Designator=CN5 Old Footprint=5024940470 New Footprint=5024940470
Change Physical Footprint: Designator=CN6 Old Footprint=SMD PAD 1 New Footprint=SMD PAD 1
Change Physical Footprint: Designator=CN7 Old Footprint=SMD PAD 1 New Footprint=SMD PAD 1
Change Physical Footprint: Designator=CN8 Old Footprint=SMD PAD 1 New Footprint=SMD PAD 1
Change Physical Footprint: Designator=CN11 Old Footprint=2 Pin SMD New Footprint=2 Pin SMD
Change Physical Footprint: Designator=D1 Old Footprint=SMA New Footprint=SMA
Change Physical Footprint: Designator=D2 Old Footprint=DO-219AB New Footprint=DO-219AB
Change Physical Footprint: Designator=D3 Old Footprint=SOT23-3 New Footprint=SOT23-3
Change Physical Footprint: Designator=D4 Old Footprint=SOT23-3 New Footprint=SOT23-3
Change Physical Footprint: Designator=D5 Old Footprint=SOD123-FL New Footprint=SOD123-FL
Change Physical Footprint: Designator=D6 Old Footprint=SOD123-FL New Footprint=SOD123-FL
Change Physical Footprint: Designator=D7 Old Footprint=SOD123-FL New Footprint=SOD123-FL
Change Physical Footprint: Designator=D8 Old Footprint=SOD123-FL New Footprint=SOD123-FL
Change Physical Footprint: Designator=D9 Old Footprint=SOD123-FL New Footprint=SOD123-FL
Change Physical Footprint: Designator=D10 Old Footprint=SOD123-FL New Footprint=SOD123-FL
Change Physical Footprint: Designator=FB1 Old Footprint=FB 0603 New Footprint=FB 0603
Change Physical Footprint: Designator=FB2 Old Footprint=FB 0603 New Footprint=FB 0603
Change Physical Footprint: Designator=FD1 Old Footprint=FD Rounded New Footprint=FD Rounded
Change Physical Footprint: Designator=FD2 Old Footprint=FD Square New Footprint=FD Square
Change Physical Footprint: Designator=FD3 Old Footprint=FD Rounded New Footprint=FD Rounded
Change Physical Footprint: Designator=FD4 Old Footprint=FD Square New Footprint=FD Square
Change Physical Footprint: Designator=FD5 Old Footprint=FD Rounded New Footprint=FD Rounded
Change Physical Footprint: Designator=FD6 Old Footprint=FD Square New Footprint=FD Square
Change Physical Footprint: Designator=FD7 Old Footprint=FD Rounded New Footprint=FD Rounded
Change Physical Footprint: Designator=FD8 Old Footprint=FD Square New Footprint=FD Square
Change Physical Footprint: Designator=IC1 Old Footprint=LQFP-48 New Footprint=LQFP-48
Change Physical Footprint: Designator=IC2 Old Footprint=SOIC-8 New Footprint=SOIC-8
Change Physical Footprint: Designator=IC3 Old Footprint=SOIC-8 New Footprint=SOIC-8
Change Physical Footprint: Designator=IC4 Old Footprint=SOIC-8 New Footprint=SOIC-8
Change Physical Footprint: Designator=IC5 Old Footprint=SOIC-8 New Footprint=SOIC-8
Change Physical Footprint: Designator=IC6 Old Footprint=SOIC-8 New Footprint=SOIC-8
Change Physical Footprint: Designator=L1 Old Footprint=11x10 New Footprint=11x10
Change Physical Footprint: Designator=L2 Old Footprint=3.9x3.9 New Footprint=3.9x3.9
Change Physical Footprint: Designator=LD1 Old Footprint=LED 5050 New Footprint=LED 5050
Change Physical Footprint: Designator=Q1 Old Footprint=D2PAK-3 New Footprint=D2PAK-3
Change Physical Footprint: Designator=Q2 Old Footprint=D2PAK-3 New Footprint=D2PAK-3
Change Physical Footprint: Designator=Q3 Old Footprint=D2PAK-3 New Footprint=D2PAK-3
Change Physical Footprint: Designator=Q4 Old Footprint=D2PAK-3 New Footprint=D2PAK-3
Change Physical Footprint: Designator=Q5 Old Footprint=D2PAK-3 New Footprint=D2PAK-3
Change Physical Footprint: Designator=Q6 Old Footprint=D2PAK-3 New Footprint=D2PAK-3
Change Physical Footprint: Designator=R1 Old Footprint=3920 New Footprint=3920
Change Physical Footprint: Designator=R2 Old Footprint=RES 0603 New Footprint=RES 0603
Change Physical Footprint: Designator=R3 Old Footprint=RES 0603 New Footprint=RES 0603
Change Physical Footprint: Designator=R4 Old Footprint=RES 0603 New Footprint=RES 0603
Change Physical Footprint: Designator=R5 Old Footprint=RES 0603 New Footprint=RES 0603
Change Physical Footprint: Designator=R6 Old Footprint=RES 0603 New Footprint=RES 0603
Change Physical Footprint: Designator=R7 Old Footprint=RES 0603 New Footprint=RES 0603
Change Physical Footprint: Designator=R8 Old Footprint=RES 0805 New Footprint=RES 0805
Change Physical Footprint: Designator=R9 Old Footprint=RES 0603 New Footprint=RES 0603
Change Physical Footprint: Designator=R10 Old Footprint=RES 0603 New Footprint=RES 0603
Change Physical Footprint: Designator=R11 Old Footprint=RES 0603 New Footprint=RES 0603
Change Physical Footprint: Designator=R12 Old Footprint=RES 0603 New Footprint=RES 0603
Change Physical Footprint: Designator=R13 Old Footprint=RES 0603 New Footprint=RES 0603
Change Physical Footprint: Designator=R14 Old Footprint=RES 0603 New Footprint=RES 0603
Change Physical Footprint: Designator=R15 Old Footprint=RES 0603 New Footprint=RES 0603
Change Physical Footprint: Designator=R16 Old Footprint=RES 0603 New Footprint=RES 0603
Change Physical Footprint: Designator=R17 Old Footprint=RES 0603 New Footprint=RES 0603
Change Physical Footprint: Designator=R18 Old Footprint=RES 0603 New Footprint=RES 0603
Change Physical Footprint: Designator=R19 Old Footprint=RES 0805 New Footprint=RES 0805
Change Physical Footprint: Designator=R20 Old Footprint=RES 0603 New Footprint=RES 0603
Change Physical Footprint: Designator=R21 Old Footprint=RES 1206 New Footprint=RES 1206
Change Physical Footprint: Designator=R22 Old Footprint=RES 0805 New Footprint=RES 0805
Change Physical Footprint: Designator=R23 Old Footprint=RES 1206 New Footprint=RES 1206
Change Physical Footprint: Designator=R24 Old Footprint=RES 0805 New Footprint=RES 0805
Change Physical Footprint: Designator=R25 Old Footprint=RES 0603 New Footprint=RES 0603
Change Physical Footprint: Designator=R26 Old Footprint=RES 1206 New Footprint=RES 1206
Change Physical Footprint: Designator=R27 Old Footprint=RES 0603 New Footprint=RES 0603
Change Physical Footprint: Designator=R28 Old Footprint=RES 0603 New Footprint=RES 0603
Change Physical Footprint: Designator=R29 Old Footprint=RES 0603 New Footprint=RES 0603
Change Physical Footprint: Designator=R30 Old Footprint=RES 0805 New Footprint=RES 0805
Change Physical Footprint: Designator=R31 Old Footprint=RES 1206 New Footprint=RES 1206
Change Physical Footprint: Designator=R32 Old Footprint=RES 0603 New Footprint=RES 0603
Change Physical Footprint: Designator=R33 Old Footprint=RES 0603 New Footprint=RES 0603
Change Physical Footprint: Designator=R34 Old Footprint=RES 0603 New Footprint=RES 0603
Change Physical Footprint: Designator=R35 Old Footprint=RES 0603 New Footprint=RES 0603
Change Physical Footprint: Designator=R36 Old Footprint=RES 0603 New Footprint=RES 0603
Change Physical Footprint: Designator=R37 Old Footprint=RES 0603 New Footprint=RES 0603
Change Physical Footprint: Designator=R38 Old Footprint=RES 0805 New Footprint=RES 0805
Change Physical Footprint: Designator=R39 Old Footprint=RES 0603 New Footprint=RES 0603
Change Physical Footprint: Designator=R40 Old Footprint=RES 1206 New Footprint=RES 1206
Change Physical Footprint: Designator=R41 Old Footprint=RES 0805 New Footprint=RES 0805
Change Physical Footprint: Designator=R42 Old Footprint=RES 1206 New Footprint=RES 1206
Change Physical Footprint: Designator=R43 Old Footprint=RES 0603 New Footprint=RES 0603
Change Physical Footprint: Designator=R44 Old Footprint=RES 0603 New Footprint=RES 0603
Change Physical Footprint: Designator=R45 Old Footprint=RES 0603 New Footprint=RES 0603
Change Physical Footprint: Designator=SC1 Old Footprint=SCREW M3 New Footprint=SCREW M3
Change Physical Footprint: Designator=SC2 Old Footprint=SCREW M3 New Footprint=SCREW M3
Change Physical Footprint: Designator=SC3 Old Footprint=SCREW M3 New Footprint=SCREW M3
Change Physical Footprint: Designator=SC4 Old Footprint=SCREW M3 New Footprint=SCREW M3
Change Physical Footprint: Designator=TP1 Old Footprint=TP New Footprint=TP
Change Physical Footprint: Designator=TP2 Old Footprint=TP New Footprint=TP
Change Physical Footprint: Designator=U1 Old Footprint=PWQFN-12 New Footprint=PWQFN-12
Change Physical Footprint: Designator=U2 Old Footprint=SOT23-5 New Footprint=SOT23-5
Change Physical Footprint: Designator=U3 Old Footprint=SOT23-5 New Footprint=SOT23-5
Change Physical Footprint: Designator=U4 Old Footprint=SOT23-5 New Footprint=SOT23-5
Change Physical Footprint: Designator=U5 Old Footprint=SOT23-5 New Footprint=SOT23-5
Change Physical Footprint: Designator=U6 Old Footprint=SOT23-5 New Footprint=SOT23-5
Change Physical Footprint: Designator=U7 Old Footprint=SOT23-5 New Footprint=SOT23-5
Change Physical Footprint: Designator=U8 Old Footprint=SOT23-5 New Footprint=SOT23-5
Change Physical Footprint: Designator=U9 Old Footprint=SOT23-5 New Footprint=SOT23-5
Change Physical Footprint: Designator=X1 Old Footprint=HC-49/US New Footprint=HC-49/US
